
> amr-studio-frontend@1.0.0 dev
> vite --port 3001


  VITE v5.4.21  ready in 128 ms

  ➜  Local:   http://localhost:3001/
  ➜  Network: use --host to expose
08:23:45 [vite] hmr update /src/components/ModelZipImportModal.tsx
08:23:51 [vite] hmr update /src/components/ModelZipImportModal.tsx
08:24:05 [vite] hmr update /src/components/IdentityForm.tsx, /src/App.tsx, /src/components/HealthDashboard.tsx, /src/components/DriveForm.tsx, /src/components/IOForm.tsx, /src/components/ControlBoardForm.tsx, /src/components/DriveTypeConfirmDialog.tsx, /src/layout/StatusBar.tsx, /src/components/WiringCanvas.tsx, /src/components/SensorForm.tsx, /src/components/ModelZipImportModal.tsx, /src/components/RobotCanvas.tsx
08:24:10 [vite] hmr update /src/components/IdentityForm.tsx, /src/App.tsx, /src/components/HealthDashboard.tsx, /src/components/DriveForm.tsx, /src/components/IOForm.tsx, /src/components/ControlBoardForm.tsx, /src/components/DriveTypeConfirmDialog.tsx, /src/layout/StatusBar.tsx, /src/components/WiringCanvas.tsx, /src/components/SensorForm.tsx, /src/components/ModelZipImportModal.tsx, /src/components/RobotCanvas.tsx
08:24:26 [vite] hmr update /src/App.tsx
08:28:49 [vite] hmr update /src/components/ModelZipImportModal.tsx
08:28:49 [vite] Internal server error: /Users/wangfeifei/code/amr_studio_v4/frontend/src/components/ModelZipImportModal.tsx: Unexpected token (202:0)

  200 |     );
  201 | };
> 202 | };
      | ^
  203 |
  Plugin: vite:react-babel
  File: /Users/wangfeifei/code/amr_studio_v4/frontend/src/components/ModelZipImportModal.tsx:202:0
  200|      );
  201|  };
  202|  };
     |  ^
  203|  
      at constructor (/Users/wangfeifei/code/amr_studio_v4/frontend/node_modules/@babel/parser/lib/index.js:365:19)
      at TypeScriptParserMixin.raise (/Users/wangfeifei/code/amr_studio_v4/frontend/node_modules/@babel/parser/lib/index.js:6599:19)
      at TypeScriptParserMixin.unexpected (/Users/wangfeifei/code/amr_studio_v4/frontend/node_modules/@babel/parser/lib/index.js:6619:16)
      at TypeScriptParserMixin.parseExprAtom (/Users/wangfeifei/code/amr_studio_v4/frontend/node_modules/@babel/parser/lib/index.js:11442:22)
      at TypeScriptParserMixin.parseExprAtom (/Users/wangfeifei/code/amr_studio_v4/frontend/node_modules/@babel/parser/lib/index.js:4764:20)
      at TypeScriptParserMixin.parseExprSubscripts (/Users/wangfeifei/code/amr_studio_v4/frontend/node_modules/@babel/parser/lib/index.js:11081:23)
      at TypeScriptParserMixin.parseUpdate (/Users/wangfeifei/code/amr_studio_v4/frontend/node_modules/@babel/parser/lib/index.js:11066:21)
      at TypeScriptParserMixin.parseMaybeUnary (/Users/wangfeifei/code/amr_studio_v4/frontend/node_modules/@babel/parser/lib/index.js:11046:23)
      at TypeScriptParserMixin.parseMaybeUnary (/Users/wangfeifei/code/amr_studio_v4/frontend/node_modules/@babel/parser/lib/index.js:9837:18)
      at TypeScriptParserMixin.parseMaybeUnaryOrPrivate (/Users/wangfeifei/code/amr_studio_v4/frontend/node_modules/@babel/parser/lib/index.js:10899:61)
      at TypeScriptParserMixin.parseExprOps (/Users/wangfeifei/code/amr_studio_v4/frontend/node_modules/@babel/parser/lib/index.js:10904:23)
      at TypeScriptParserMixin.parseMaybeConditional (/Users/wangfeifei/code/amr_studio_v4/frontend/node_modules/@babel/parser/lib/index.js:10881:23)
      at TypeScriptParserMixin.parseMaybeAssign (/Users/wangfeifei/code/amr_studio_v4/frontend/node_modules/@babel/parser/lib/index.js:10831:21)
      at TypeScriptParserMixin.parseMaybeAssign (/Users/wangfeifei/code/amr_studio_v4/frontend/node_modules/@babel/parser/lib/index.js:9786:20)
      at TypeScriptParserMixin.parseExpressionBase (/Users/wangfeifei/code/amr_studio_v4/frontend/node_modules/@babel/parser/lib/index.js:10784:23)
      at /Users/wangfeifei/code/amr_studio_v4/frontend/node_modules/@babel/parser/lib/index.js:10780:39
      at TypeScriptParserMixin.allowInAnd (/Users/wangfeifei/code/amr_studio_v4/frontend/node_modules/@babel/parser/lib/index.js:12421:16)
      at TypeScriptParserMixin.parseExpression (/Users/wangfeifei/code/amr_studio_v4/frontend/node_modules/@babel/parser/lib/index.js:10780:17)
      at TypeScriptParserMixin.parseStatementContent (/Users/wangfeifei/code/amr_studio_v4/frontend/node_modules/@babel/parser/lib/index.js:12895:23)
      at TypeScriptParserMixin.parseStatementContent (/Users/wangfeifei/code/amr_studio_v4/frontend/node_modules/@babel/parser/lib/index.js:9508:18)
      at TypeScriptParserMixin.parseStatementLike (/Users/wangfeifei/code/amr_studio_v4/frontend/node_modules/@babel/parser/lib/index.js:12767:17)
      at TypeScriptParserMixin.parseModuleItem (/Users/wangfeifei/code/amr_studio_v4/frontend/node_modules/@babel/parser/lib/index.js:12744:17)
      at TypeScriptParserMixin.parseBlockOrModuleBlockBody (/Users/wangfeifei/code/amr_studio_v4/frontend/node_modules/@babel/parser/lib/index.js:13316:36)
      at TypeScriptParserMixin.parseBlockBody (/Users/wangfeifei/code/amr_studio_v4/frontend/node_modules/@babel/parser/lib/index.js:13309:10)
      at TypeScriptParserMixin.parseProgram (/Users/wangfeifei/code/amr_studio_v4/frontend/node_modules/@babel/parser/lib/index.js:12622:10)
      at TypeScriptParserMixin.parseTopLevel (/Users/wangfeifei/code/amr_studio_v4/frontend/node_modules/@babel/parser/lib/index.js:12612:25)
      at TypeScriptParserMixin.parse (/Users/wangfeifei/code/amr_studio_v4/frontend/node_modules/@babel/parser/lib/index.js:14488:25)
      at TypeScriptParserMixin.parse (/Users/wangfeifei/code/amr_studio_v4/frontend/node_modules/@babel/parser/lib/index.js:10126:18)
      at parse (/Users/wangfeifei/code/amr_studio_v4/frontend/node_modules/@babel/parser/lib/index.js:14522:38)
      at parser (/Users/wangfeifei/code/amr_studio_v4/frontend/node_modules/@babel/core/lib/parser/index.js:41:34)
      at parser.next (<anonymous>)
      at normalizeFile (/Users/wangfeifei/code/amr_studio_v4/frontend/node_modules/@babel/core/lib/transformation/normalize-file.js:64:37)
      at normalizeFile.next (<anonymous>)
      at run (/Users/wangfeifei/code/amr_studio_v4/frontend/node_modules/@babel/core/lib/transformation/index.js:22:50)
      at run.next (<anonymous>)
      at transform (/Users/wangfeifei/code/amr_studio_v4/frontend/node_modules/@babel/core/lib/transform.js:22:33)
      at transform.next (<anonymous>)
      at step (/Users/wangfeifei/code/amr_studio_v4/frontend/node_modules/gensync/index.js:261:32)
      at /Users/wangfeifei/code/amr_studio_v4/frontend/node_modules/gensync/index.js:273:13
      at async.call.result.err.err (/Users/wangfeifei/code/amr_studio_v4/frontend/node_modules/gensync/index.js:223:11)
      at /Users/wangfeifei/code/amr_studio_v4/frontend/node_modules/gensync/index.js:189:28
      at /Users/wangfeifei/code/amr_studio_v4/frontend/node_modules/@babel/core/lib/gensync-utils/async.js:67:7
      at /Users/wangfeifei/code/amr_studio_v4/frontend/node_modules/gensync/index.js:113:33
      at step (/Users/wangfeifei/code/amr_studio_v4/frontend/node_modules/gensync/index.js:287:14)
      at /Users/wangfeifei/code/amr_studio_v4/frontend/node_modules/gensync/index.js:273:13
      at async.call.result.err.err (/Users/wangfeifei/code/amr_studio_v4/frontend/node_modules/gensync/index.js:223:11)
08:28:49 [vite] Internal server error: /Users/wangfeifei/code/amr_studio_v4/frontend/src/components/ModelZipImportModal.tsx: Unexpected token (202:0)

  200 |     );
  201 | };
> 202 | };
      | ^
  203 |
  Plugin: vite:react-babel
  File: /Users/wangfeifei/code/amr_studio_v4/frontend/src/components/ModelZipImportModal.tsx:202:0
  200|      );
  201|  };
  202|  };
     |  ^
  203|  
      at constructor (/Users/wangfeifei/code/amr_studio_v4/frontend/node_modules/@babel/parser/lib/index.js:365:19)
      at TypeScriptParserMixin.raise (/Users/wangfeifei/code/amr_studio_v4/frontend/node_modules/@babel/parser/lib/index.js:6599:19)
      at TypeScriptParserMixin.unexpected (/Users/wangfeifei/code/amr_studio_v4/frontend/node_modules/@babel/parser/lib/index.js:6619:16)
      at TypeScriptParserMixin.parseExprAtom (/Users/wangfeifei/code/amr_studio_v4/frontend/node_modules/@babel/parser/lib/index.js:11442:22)
      at TypeScriptParserMixin.parseExprAtom (/Users/wangfeifei/code/amr_studio_v4/frontend/node_modules/@babel/parser/lib/index.js:4764:20)
      at TypeScriptParserMixin.parseExprSubscripts (/Users/wangfeifei/code/amr_studio_v4/frontend/node_modules/@babel/parser/lib/index.js:11081:23)
      at TypeScriptParserMixin.parseUpdate (/Users/wangfeifei/code/amr_studio_v4/frontend/node_modules/@babel/parser/lib/index.js:11066:21)
      at TypeScriptParserMixin.parseMaybeUnary (/Users/wangfeifei/code/amr_studio_v4/frontend/node_modules/@babel/parser/lib/index.js:11046:23)
      at TypeScriptParserMixin.parseMaybeUnary (/Users/wangfeifei/code/amr_studio_v4/frontend/node_modules/@babel/parser/lib/index.js:9837:18)
      at TypeScriptParserMixin.parseMaybeUnaryOrPrivate (/Users/wangfeifei/code/amr_studio_v4/frontend/node_modules/@babel/parser/lib/index.js:10899:61)
      at TypeScriptParserMixin.parseExprOps (/Users/wangfeifei/code/amr_studio_v4/frontend/node_modules/@babel/parser/lib/index.js:10904:23)
      at TypeScriptParserMixin.parseMaybeConditional (/Users/wangfeifei/code/amr_studio_v4/frontend/node_modules/@babel/parser/lib/index.js:10881:23)
      at TypeScriptParserMixin.parseMaybeAssign (/Users/wangfeifei/code/amr_studio_v4/frontend/node_modules/@babel/parser/lib/index.js:10831:21)
      at TypeScriptParserMixin.parseMaybeAssign (/Users/wangfeifei/code/amr_studio_v4/frontend/node_modules/@babel/parser/lib/index.js:9786:20)
      at TypeScriptParserMixin.parseExpressionBase (/Users/wangfeifei/code/amr_studio_v4/frontend/node_modules/@babel/parser/lib/index.js:10784:23)
      at /Users/wangfeifei/code/amr_studio_v4/frontend/node_modules/@babel/parser/lib/index.js:10780:39
      at TypeScriptParserMixin.allowInAnd (/Users/wangfeifei/code/amr_studio_v4/frontend/node_modules/@babel/parser/lib/index.js:12421:16)
      at TypeScriptParserMixin.parseExpression (/Users/wangfeifei/code/amr_studio_v4/frontend/node_modules/@babel/parser/lib/index.js:10780:17)
      at TypeScriptParserMixin.parseStatementContent (/Users/wangfeifei/code/amr_studio_v4/frontend/node_modules/@babel/parser/lib/index.js:12895:23)
      at TypeScriptParserMixin.parseStatementContent (/Users/wangfeifei/code/amr_studio_v4/frontend/node_modules/@babel/parser/lib/index.js:9508:18)
      at TypeScriptParserMixin.parseStatementLike (/Users/wangfeifei/code/amr_studio_v4/frontend/node_modules/@babel/parser/lib/index.js:12767:17)
      at TypeScriptParserMixin.parseModuleItem (/Users/wangfeifei/code/amr_studio_v4/frontend/node_modules/@babel/parser/lib/index.js:12744:17)
      at TypeScriptParserMixin.parseBlockOrModuleBlockBody (/Users/wangfeifei/code/amr_studio_v4/frontend/node_modules/@babel/parser/lib/index.js:13316:36)
      at TypeScriptParserMixin.parseBlockBody (/Users/wangfeifei/code/amr_studio_v4/frontend/node_modules/@babel/parser/lib/index.js:13309:10)
      at TypeScriptParserMixin.parseProgram (/Users/wangfeifei/code/amr_studio_v4/frontend/node_modules/@babel/parser/lib/index.js:12622:10)
      at TypeScriptParserMixin.parseTopLevel (/Users/wangfeifei/code/amr_studio_v4/frontend/node_modules/@babel/parser/lib/index.js:12612:25)
      at TypeScriptParserMixin.parse (/Users/wangfeifei/code/amr_studio_v4/frontend/node_modules/@babel/parser/lib/index.js:14488:25)
      at TypeScriptParserMixin.parse (/Users/wangfeifei/code/amr_studio_v4/frontend/node_modules/@babel/parser/lib/index.js:10126:18)
      at parse (/Users/wangfeifei/code/amr_studio_v4/frontend/node_modules/@babel/parser/lib/index.js:14522:38)
      at parser (/Users/wangfeifei/code/amr_studio_v4/frontend/node_modules/@babel/core/lib/parser/index.js:41:34)
      at parser.next (<anonymous>)
      at normalizeFile (/Users/wangfeifei/code/amr_studio_v4/frontend/node_modules/@babel/core/lib/transformation/normalize-file.js:64:37)
      at normalizeFile.next (<anonymous>)
      at run (/Users/wangfeifei/code/amr_studio_v4/frontend/node_modules/@babel/core/lib/transformation/index.js:22:50)
      at run.next (<anonymous>)
      at transform (/Users/wangfeifei/code/amr_studio_v4/frontend/node_modules/@babel/core/lib/transform.js:22:33)
      at transform.next (<anonymous>)
      at step (/Users/wangfeifei/code/amr_studio_v4/frontend/node_modules/gensync/index.js:261:32)
      at /Users/wangfeifei/code/amr_studio_v4/frontend/node_modules/gensync/index.js:273:13
      at async.call.result.err.err (/Users/wangfeifei/code/amr_studio_v4/frontend/node_modules/gensync/index.js:223:11)
      at /Users/wangfeifei/code/amr_studio_v4/frontend/node_modules/gensync/index.js:189:28
      at /Users/wangfeifei/code/amr_studio_v4/frontend/node_modules/@babel/core/lib/gensync-utils/async.js:67:7
      at /Users/wangfeifei/code/amr_studio_v4/frontend/node_modules/gensync/index.js:113:33
      at step (/Users/wangfeifei/code/amr_studio_v4/frontend/node_modules/gensync/index.js:287:14)
      at /Users/wangfeifei/code/amr_studio_v4/frontend/node_modules/gensync/index.js:273:13
      at async.call.result.err.err (/Users/wangfeifei/code/amr_studio_v4/frontend/node_modules/gensync/index.js:223:11)
08:29:04 [vite] hmr update /src/components/ModelZipImportModal.tsx
08:54:35 [vite] hmr update /src/components/ModelZipImportModal.tsx
